<?xml version="1.0" encoding="UTF-8"?>
<!-- Generated by org.testng.reporters.JUnitXMLReporter -->
<testsuite hostname="EPINHYDW0579" name="Default test" tests="13" failures="1" timestamp="14 Sep 2017 12:10:39 GMT" time="13.08" errors="0">
  <testcase name="loginToMBGroup" time="4.732" classname="com.epam.scenarios.NewBusiness">
    <failure type="java.lang.NullPointerException">
      <![CDATA[java.lang.NullPointerException
	at com.epam.fixtures.WebActions.postTestStep(WebActions.java:220)
	at com.epam.scenarios.NewBusiness.loginToMBGroup(NewBusiness.java:60)
	at sun.reflect.NativeMethodAccessorImpl.invoke0(Native Method)
	at sun.reflect.NativeMethodAccessorImpl.invoke(Unknown Source)
	at sun.reflect.DelegatingMethodAccessorImpl.invoke(Unknown Source)
	at java.lang.reflect.Method.invoke(Unknown Source)
	at org.testng.internal.MethodInvocationHelper.invokeMethod(MethodInvocationHelper.java:85)
	at org.testng.internal.Invoker.invokeMethod(Invoker.java:639)
	at org.testng.internal.Invoker.invokeTestMethod(Invoker.java:821)
	at org.testng.internal.Invoker.invokeTestMethods(Invoker.java:1131)
	at org.testng.internal.TestMethodWorker.invokeTestMethods(TestMethodWorker.java:124)
	at org.testng.internal.TestMethodWorker.run(TestMethodWorker.java:108)
	at org.testng.TestRunner.privateRun(TestRunner.java:773)
	at org.testng.TestRunner.run(TestRunner.java:623)
	at org.testng.SuiteRunner.runTest(SuiteRunner.java:357)
	at org.testng.SuiteRunner.runSequentially(SuiteRunner.java:352)
	at org.testng.SuiteRunner.privateRun(SuiteRunner.java:310)
	at org.testng.SuiteRunner.run(SuiteRunner.java:259)
	at org.testng.SuiteRunnerWorker.runSuite(SuiteRunnerWorker.java:52)
	at org.testng.SuiteRunnerWorker.run(SuiteRunnerWorker.java:86)
	at org.testng.TestNG.runSuitesSequentially(TestNG.java:1185)
	at org.testng.TestNG.runSuitesLocally(TestNG.java:1110)
	at org.testng.TestNG.run(TestNG.java:1018)
	at org.testng.remote.AbstractRemoteTestNG.run(AbstractRemoteTestNG.java:132)
	at org.testng.remote.RemoteTestNG.initAndRun(RemoteTestNG.java:230)
	at org.testng.remote.RemoteTestNG.main(RemoteTestNG.java:76)
]]>
    </failure>
  </testcase> <!-- loginToMBGroup -->
  <testcase name="FillNewQuotePage" time="0.0" classname="com.epam.scenarios.NewBusiness">
    <skipped/>
  </testcase> <!-- FillNewQuotePage -->
  <testcase name="FillApplicantData" time="0.0" classname="com.epam.scenarios.NewBusiness">
    <skipped/>
  </testcase> <!-- FillApplicantData -->
  <testcase name="UpdateDrivers" time="0.0" classname="com.epam.scenarios.NewBusiness">
    <skipped/>
  </testcase> <!-- UpdateDrivers -->
  <testcase name="ViolationsPage" time="0.0" classname="com.epam.scenarios.NewBusiness">
    <skipped/>
  </testcase> <!-- ViolationsPage -->
  <testcase name="UpdateVehicals" time="0.0" classname="com.epam.scenarios.NewBusiness">
    <skipped/>
  </testcase> <!-- UpdateVehicals -->
  <testcase name="AddCoverages" time="0.0" classname="com.epam.scenarios.NewBusiness">
    <skipped/>
  </testcase> <!-- AddCoverages -->
  <testcase name="ActionsOnPremiumDetailsPage" time="0.0" classname="com.epam.scenarios.NewBusiness">
    <skipped/>
  </testcase> <!-- ActionsOnPremiumDetailsPage -->
  <testcase name="ActionsonAdditionalInterest" time="0.0" classname="com.epam.scenarios.NewBusiness">
    <skipped/>
  </testcase> <!-- ActionsonAdditionalInterest -->
  <testcase name="ActionsonUnderWritingPage" time="0.0" classname="com.epam.scenarios.NewBusiness">
    <skipped/>
  </testcase> <!-- ActionsonUnderWritingPage -->
  <testcase name="GeneralInformationPage" time="0.0" classname="com.epam.scenarios.NewBusiness">
    <skipped/>
  </testcase> <!-- GeneralInformationPage -->
  <testcase name="SubmissionsPage" time="0.0" classname="com.epam.scenarios.NewBusiness">
    <skipped/>
  </testcase> <!-- SubmissionsPage -->
  <testcase name="LoginAsUnderWriter" time="0.0" classname="com.epam.scenarios.NewBusiness">
    <skipped/>
  </testcase> <!-- LoginAsUnderWriter -->
</testsuite> <!-- Default test -->
