<?xml version="1.0" encoding="UTF-8"?>
<!-- Generated by org.testng.reporters.JUnitXMLReporter -->
<testsuite hostname="EPINHYDW0883" name="Command line test" tests="14" failures="1" timestamp="26 Sep 2017 09:19:16 GMT" time="607.8" errors="0">
  <testcase name="loginToMBGroup" time="5.582" classname="com.epam.scenarios.NewBusiness"/>
  <testcase name="SelectAgency" time="1.525" classname="com.epam.scenarios.NewBusiness"/>
  <testcase name="FillNewQuotePage" time="7.849" classname="com.epam.scenarios.NewBusiness"/>
  <testcase name="FillApplicantData" time="588.526" classname="com.epam.scenarios.NewBusiness">
    <failure type="java.lang.ArrayIndexOutOfBoundsException" message="-1">
      <![CDATA[java.lang.ArrayIndexOutOfBoundsException: -1
	at java.util.ArrayList.elementData(Unknown Source)
	at java.util.ArrayList.get(Unknown Source)
	at com.epam.businesslibs.ApplicantPage.FillApplicantAddressDetails(ApplicantPage.java:160)
	at com.epam.scenarios.NewBusiness.FillApplicantData(NewBusiness.java:144)
	at com.epam.driver.CoreDriverScript.executeTestCases(CoreDriverScript.java:270)
	at com.epam.driver.CoreDriverScript.main(CoreDriverScript.java:182)
... Removed 21 stack frames]]>
    </failure>
  </testcase> <!-- FillApplicantData -->
  <testcase name="UpdateDrivers" time="0.0" classname="com.epam.scenarios.NewBusiness">
    <skipped/>
  </testcase> <!-- UpdateDrivers -->
  <testcase name="ViolationsPage" time="0.0" classname="com.epam.scenarios.NewBusiness">
    <skipped/>
  </testcase> <!-- ViolationsPage -->
  <testcase name="UpdateVehicals" time="0.0" classname="com.epam.scenarios.NewBusiness">
    <skipped/>
  </testcase> <!-- UpdateVehicals -->
  <testcase name="AddCoverages" time="0.0" classname="com.epam.scenarios.NewBusiness">
    <skipped/>
  </testcase> <!-- AddCoverages -->
  <testcase name="ActionsOnPremiumDetailsPage" time="0.0" classname="com.epam.scenarios.NewBusiness">
    <skipped/>
  </testcase> <!-- ActionsOnPremiumDetailsPage -->
  <testcase name="ActionsonAdditionalInterest" time="0.0" classname="com.epam.scenarios.NewBusiness">
    <skipped/>
  </testcase> <!-- ActionsonAdditionalInterest -->
  <testcase name="ActionsonUnderWritingPage" time="0.0" classname="com.epam.scenarios.NewBusiness">
    <skipped/>
  </testcase> <!-- ActionsonUnderWritingPage -->
  <testcase name="GeneralInformationPage" time="0.0" classname="com.epam.scenarios.NewBusiness">
    <skipped/>
  </testcase> <!-- GeneralInformationPage -->
  <testcase name="SubmissionsPage" time="0.0" classname="com.epam.scenarios.NewBusiness">
    <skipped/>
  </testcase> <!-- SubmissionsPage -->
  <testcase name="LoginAsUnderWriter" time="0.0" classname="com.epam.scenarios.NewBusiness">
    <skipped/>
  </testcase> <!-- LoginAsUnderWriter -->
</testsuite> <!-- Command line test -->
